<?xml version="1.0" encoding="UTF-8"?>
<testsuite xmlns:xsi="http://www.w3.org/2001/XMLSchema-instance" xsi:noNamespaceSchemaLocation="https://maven.apache.org/surefire/maven-surefire-plugin/xsd/surefire-test-report-3.0.xsd" version="3.0" name="calculator.ModelTest" time="0.012" tests="29" errors="0" skipped="0" failures="0">
  <properties>
[...]
</properties>
  <testcase name="testSetBNotIncorrectValue" classname="calculator.ModelTest" time="0.001"/>
  <testcase name="testComputeAddition" classname="calculator.ModelTest" time="0.001"/>
  <testcase name="testSetBPositive" classname="calculator.ModelTest" time="0.0"/>
  <testcase name="testSetBNegative" classname="calculator.ModelTest" time="0.0"/>
  <testcase name="testGetComputation" classname="calculator.ModelTest" time="0.0"/>
  <testcase name="testComputeDivisionByZero" classname="calculator.ModelTest" time="0.0"/>
  <testcase name="testComputeSubtractionNegativeResult" classname="calculator.ModelTest" time="0.001"/>
  <testcase name="testGetA" classname="calculator.ModelTest" time="0.0"/>
  <testcase name="testGetB" classname="calculator.ModelTest" time="0.0"/>
  <testcase name="testSetANotIncorrectValue" classname="calculator.ModelTest" time="0.001"/>
  <testcase name="testInitialValueComputation" classname="calculator.ModelTest" time="0.0"/>
  <testcase name="testComputeMultiplicationByZero" classname="calculator.ModelTest" time="0.0"/>
  <testcase name="testComputeDivisionDecimal" classname="calculator.ModelTest" time="0.0"/>
  <testcase name="testComputeDivision" classname="calculator.ModelTest" time="0.0"/>
  <testcase name="testSetComputationNotIncorrectValue" classname="calculator.ModelTest" time="0.0"/>
  <testcase name="testComputeLargeNumbers" classname="calculator.ModelTest" time="0.0"/>
  <testcase name="testSetAPositive" classname="calculator.ModelTest" time="0.0"/>
  <testcase name="testSetANegative" classname="calculator.ModelTest" time="0.001"/>
  <testcase name="testComputeSmallDecimals" classname="calculator.ModelTest" time="0.0"/>
  <testcase name="testSetComputationAddition" classname="calculator.ModelTest" time="0.001"/>
  <testcase name="testInitialValueTotal" classname="calculator.ModelTest" time="0.0"/>
  <testcase name="testComputeSubtraction" classname="calculator.ModelTest" time="0.0"/>
  <testcase name="testComputeNullComputationReturnsZero" classname="calculator.ModelTest" time="0.001"/>
  <testcase name="testComputeMultiplication" classname="calculator.ModelTest" time="0.0"/>
  <testcase name="testComputeNullComputation" classname="calculator.ModelTest" time="0.0"/>
  <testcase name="testSetComputationSubtraction" classname="calculator.ModelTest" time="0.001"/>
  <testcase name="testInitialValueA" classname="calculator.ModelTest" time="0.0"/>
  <testcase name="testInitialValueB" classname="calculator.ModelTest" time="0.0"/>
  <testcase name="testComputeAdditionNegative" classname="calculator.ModelTest" time="0.001"/>
</testsuite>