<?xml version="1.0" encoding="UTF-8"?>
<testsuite xmlns:xsi="http://www.w3.org/2001/XMLSchema-instance" xsi:noNamespaceSchemaLocation="https://maven.apache.org/surefire/maven-surefire-plugin/xsd/surefire-test-report-3.0.xsd" version="3.0" name="calculator.CalculatorTest" time="0.022" tests="21" errors="20" skipped="0" failures="0">
  <properties>
[...]
</properties>
  <testcase name="testTotalInitialValue" classname="calculator.CalculatorTest" time="0.003">
    <error message="Cannot read field &quot;total&quot; because &quot;this.calculator&quot; is null" type="java.lang.NullPointerException"><![CDATA[java.lang.NullPointerException: Cannot read field "total" because "this.calculator" is null
	at calculator.CalculatorTest.testTotalInitialValue(CalculatorTest.java:64)
	at java.base/java.lang.reflect.Method.invoke(Method.java:565)
	at java.base/java.util.ArrayList.forEach(ArrayList.java:1604)
	at java.base/java.util.ArrayList.forEach(ArrayList.java:1604)
]]></error>
  </testcase>
  <testcase name="testModelNotNull" classname="calculator.CalculatorTest" time="0.001">
    <error message="Cannot read field &quot;m&quot; because &quot;this.calculator&quot; is null" type="java.lang.NullPointerException"><![CDATA[java.lang.NullPointerException: Cannot read field "m" because "this.calculator" is null
	at calculator.CalculatorTest.testModelNotNull(CalculatorTest.java:33)
	at java.base/java.lang.reflect.Method.invoke(Method.java:565)
	at java.base/java.util.ArrayList.forEach(ArrayList.java:1604)
	at java.base/java.util.ArrayList.forEach(ArrayList.java:1604)
]]></error>
  </testcase>
  <testcase name="testRunUpdatesModel" classname="calculator.CalculatorTest" time="0.004">
    <error message="Cannot assign field &quot;in&quot; because &quot;this.calculator&quot; is null" type="java.lang.NullPointerException"><![CDATA[java.lang.NullPointerException: Cannot assign field "in" because "this.calculator" is null
	at calculator.CalculatorTest.testRunUpdatesModel(CalculatorTest.java:192)
	at java.base/java.lang.reflect.Method.invoke(Method.java:565)
	at java.base/java.util.ArrayList.forEach(ArrayList.java:1604)
	at java.base/java.util.ArrayList.forEach(ArrayList.java:1604)
]]></error>
  </testcase>
  <testcase name="testCalculatorExists" classname="calculator.CalculatorTest" time="0.001"/>
  <testcase name="testRunProducesFormattedOutput" classname="calculator.CalculatorTest" time="0.001">
    <error message="Cannot assign field &quot;in&quot; because &quot;this.calculator&quot; is null" type="java.lang.NullPointerException"><![CDATA[java.lang.NullPointerException: Cannot assign field "in" because "this.calculator" is null
	at calculator.CalculatorTest.testRunProducesFormattedOutput(CalculatorTest.java:218)
	at java.base/java.lang.reflect.Method.invoke(Method.java:565)
	at java.base/java.util.ArrayList.forEach(ArrayList.java:1604)
	at java.base/java.util.ArrayList.forEach(ArrayList.java:1604)
]]></error>
  </testcase>
  <testcase name="testRunSetsComp" classname="calculator.CalculatorTest" time="0.001">
    <error message="Cannot assign field &quot;in&quot; because &quot;this.calculator&quot; is null" type="java.lang.NullPointerException"><![CDATA[java.lang.NullPointerException: Cannot assign field "in" because "this.calculator" is null
	at calculator.CalculatorTest.testRunSetsComp(CalculatorTest.java:180)
	at java.base/java.lang.reflect.Method.invoke(Method.java:565)
	at java.base/java.util.ArrayList.forEach(ArrayList.java:1604)
	at java.base/java.util.ArrayList.forEach(ArrayList.java:1604)
]]></error>
  </testcase>
  <testcase name="testRunSetsNumA" classname="calculator.CalculatorTest" time="0.0">
    <error message="Cannot assign field &quot;in&quot; because &quot;this.calculator&quot; is null" type="java.lang.NullPointerException"><![CDATA[java.lang.NullPointerException: Cannot assign field "in" because "this.calculator" is null
	at calculator.CalculatorTest.testRunSetsNumA(CalculatorTest.java:156)
	at java.base/java.lang.reflect.Method.invoke(Method.java:565)
	at java.base/java.util.ArrayList.forEach(ArrayList.java:1604)
	at java.base/java.util.ArrayList.forEach(ArrayList.java:1604)
]]></error>
  </testcase>
  <testcase name="testRunSetsNumB" classname="calculator.CalculatorTest" time="0.001">
    <error message="Cannot assign field &quot;in&quot; because &quot;this.calculator&quot; is null" type="java.lang.NullPointerException"><![CDATA[java.lang.NullPointerException: Cannot assign field "in" because "this.calculator" is null
	at calculator.CalculatorTest.testRunSetsNumB(CalculatorTest.java:168)
	at java.base/java.lang.reflect.Method.invoke(Method.java:565)
	at java.base/java.util.ArrayList.forEach(ArrayList.java:1604)
	at java.base/java.util.ArrayList.forEach(ArrayList.java:1604)
]]></error>
  </testcase>
  <testcase name="testRunUpdatesView" classname="calculator.CalculatorTest" time="0.0">
    <error message="Cannot assign field &quot;in&quot; because &quot;this.calculator&quot; is null" type="java.lang.NullPointerException"><![CDATA[java.lang.NullPointerException: Cannot assign field "in" because "this.calculator" is null
	at calculator.CalculatorTest.testRunUpdatesView(CalculatorTest.java:206)
	at java.base/java.lang.reflect.Method.invoke(Method.java:565)
	at java.base/java.util.ArrayList.forEach(ArrayList.java:1604)
	at java.base/java.util.ArrayList.forEach(ArrayList.java:1604)
]]></error>
  </testcase>
  <testcase name="testScannerNotNull" classname="calculator.CalculatorTest" time="0.001">
    <error message="Cannot read field &quot;in&quot; because &quot;this.calculator&quot; is null" type="java.lang.NullPointerException"><![CDATA[java.lang.NullPointerException: Cannot read field "in" because "this.calculator" is null
	at calculator.CalculatorTest.testScannerNotNull(CalculatorTest.java:45)
	at java.base/java.lang.reflect.Method.invoke(Method.java:565)
	at java.base/java.util.ArrayList.forEach(ArrayList.java:1604)
	at java.base/java.util.ArrayList.forEach(ArrayList.java:1604)
]]></error>
  </testcase>
  <testcase name="testRunWithAddition" classname="calculator.CalculatorTest" time="0.0">
    <error message="Cannot assign field &quot;in&quot; because &quot;this.calculator&quot; is null" type="java.lang.NullPointerException"><![CDATA[java.lang.NullPointerException: Cannot assign field "in" because "this.calculator" is null
	at calculator.CalculatorTest.testRunWithAddition(CalculatorTest.java:79)
	at java.base/java.lang.reflect.Method.invoke(Method.java:565)
	at java.base/java.util.ArrayList.forEach(ArrayList.java:1604)
	at java.base/java.util.ArrayList.forEach(ArrayList.java:1604)
]]></error>
  </testcase>
  <testcase name="testRunWithNegativeNumbers" classname="calculator.CalculatorTest" time="0.0">
    <error message="Cannot assign field &quot;in&quot; because &quot;this.calculator&quot; is null" type="java.lang.NullPointerException"><![CDATA[java.lang.NullPointerException: Cannot assign field "in" because "this.calculator" is null
	at calculator.CalculatorTest.testRunWithNegativeNumbers(CalculatorTest.java:233)
	at java.base/java.lang.reflect.Method.invoke(Method.java:565)
	at java.base/java.util.ArrayList.forEach(ArrayList.java:1604)
	at java.base/java.util.ArrayList.forEach(ArrayList.java:1604)
]]></error>
  </testcase>
  <testcase name="testRunWithSubtraction" classname="calculator.CalculatorTest" time="0.0">
    <error message="Cannot assign field &quot;in&quot; because &quot;this.calculator&quot; is null" type="java.lang.NullPointerException"><![CDATA[java.lang.NullPointerException: Cannot assign field "in" because "this.calculator" is null
	at calculator.CalculatorTest.testRunWithSubtraction(CalculatorTest.java:96)
	at java.base/java.lang.reflect.Method.invoke(Method.java:565)
	at java.base/java.util.ArrayList.forEach(ArrayList.java:1604)
	at java.base/java.util.ArrayList.forEach(ArrayList.java:1604)
]]></error>
  </testcase>
  <testcase name="testViewNotNull" classname="calculator.CalculatorTest" time="0.0">
    <error message="Cannot read field &quot;v&quot; because &quot;this.calculator&quot; is null" type="java.lang.NullPointerException"><![CDATA[java.lang.NullPointerException: Cannot read field "v" because "this.calculator" is null
	at calculator.CalculatorTest.testViewNotNull(CalculatorTest.java:39)
	at java.base/java.lang.reflect.Method.invoke(Method.java:565)
	at java.base/java.util.ArrayList.forEach(ArrayList.java:1604)
	at java.base/java.util.ArrayList.forEach(ArrayList.java:1604)
]]></error>
  </testcase>
  <testcase name="testNumBInitialValue" classname="calculator.CalculatorTest" time="0.001">
    <error message="Cannot read field &quot;numB&quot; because &quot;this.calculator&quot; is null" type="java.lang.NullPointerException"><![CDATA[java.lang.NullPointerException: Cannot read field "numB" because "this.calculator" is null
	at calculator.CalculatorTest.testNumBInitialValue(CalculatorTest.java:58)
	at java.base/java.lang.reflect.Method.invoke(Method.java:565)
	at java.base/java.util.ArrayList.forEach(ArrayList.java:1604)
	at java.base/java.util.ArrayList.forEach(ArrayList.java:1604)
]]></error>
  </testcase>
  <testcase name="testRunCallsInstructions" classname="calculator.CalculatorTest" time="0.0">
    <error message="Cannot assign field &quot;in&quot; because &quot;this.calculator&quot; is null" type="java.lang.NullPointerException"><![CDATA[java.lang.NullPointerException: Cannot assign field "in" because "this.calculator" is null
	at calculator.CalculatorTest.testRunCallsInstructions(CalculatorTest.java:143)
	at java.base/java.lang.reflect.Method.invoke(Method.java:565)
	at java.base/java.util.ArrayList.forEach(ArrayList.java:1604)
	at java.base/java.util.ArrayList.forEach(ArrayList.java:1604)
]]></error>
  </testcase>
  <testcase name="testRunWithDivision" classname="calculator.CalculatorTest" time="0.001">
    <error message="Cannot assign field &quot;in&quot; because &quot;this.calculator&quot; is null" type="java.lang.NullPointerException"><![CDATA[java.lang.NullPointerException: Cannot assign field "in" because "this.calculator" is null
	at calculator.CalculatorTest.testRunWithDivision(CalculatorTest.java:127)
	at java.base/java.lang.reflect.Method.invoke(Method.java:565)
	at java.base/java.util.ArrayList.forEach(ArrayList.java:1604)
	at java.base/java.util.ArrayList.forEach(ArrayList.java:1604)
]]></error>
  </testcase>
  <testcase name="testRunWithMultiplication" classname="calculator.CalculatorTest" time="0.001">
    <error message="Cannot assign field &quot;in&quot; because &quot;this.calculator&quot; is null" type="java.lang.NullPointerException"><![CDATA[java.lang.NullPointerException: Cannot assign field "in" because "this.calculator" is null
	at calculator.CalculatorTest.testRunWithMultiplication(CalculatorTest.java:111)
	at java.base/java.lang.reflect.Method.invoke(Method.java:565)
	at java.base/java.util.ArrayList.forEach(ArrayList.java:1604)
	at java.base/java.util.ArrayList.forEach(ArrayList.java:1604)
]]></error>
  </testcase>
  <testcase name="testCompInitialValue" classname="calculator.CalculatorTest" time="0.001">
    <error message="Cannot read field &quot;comp&quot; because &quot;this.calculator&quot; is null" type="java.lang.NullPointerException"><![CDATA[java.lang.NullPointerException: Cannot read field "comp" because "this.calculator" is null
	at calculator.CalculatorTest.testCompInitialValue(CalculatorTest.java:70)
	at java.base/java.lang.reflect.Method.invoke(Method.java:565)
	at java.base/java.util.ArrayList.forEach(ArrayList.java:1604)
	at java.base/java.util.ArrayList.forEach(ArrayList.java:1604)
]]></error>
  </testcase>
  <testcase name="testNumAInitialValue" classname="calculator.CalculatorTest" time="0.0">
    <error message="Cannot read field &quot;numA&quot; because &quot;this.calculator&quot; is null" type="java.lang.NullPointerException"><![CDATA[java.lang.NullPointerException: Cannot read field "numA" because "this.calculator" is null
	at calculator.CalculatorTest.testNumAInitialValue(CalculatorTest.java:52)
	at java.base/java.lang.reflect.Method.invoke(Method.java:565)
	at java.base/java.util.ArrayList.forEach(ArrayList.java:1604)
	at java.base/java.util.ArrayList.forEach(ArrayList.java:1604)
]]></error>
  </testcase>
  <testcase name="testRunWithDecimals" classname="calculator.CalculatorTest" time="0.0">
    <error message="Cannot assign field &quot;in&quot; because &quot;this.calculator&quot; is null" type="java.lang.NullPointerException"><![CDATA[java.lang.NullPointerException: Cannot assign field "in" because "this.calculator" is null
	at calculator.CalculatorTest.testRunWithDecimals(CalculatorTest.java:248)
	at java.base/java.lang.reflect.Method.invoke(Method.java:565)
	at java.base/java.util.ArrayList.forEach(ArrayList.java:1604)
	at java.base/java.util.ArrayList.forEach(ArrayList.java:1604)
]]></error>
  </testcase>
</testsuite>